-------------------------------------------------------------------------------
Test set: list.MailListTest
-------------------------------------------------------------------------------
Tests run: 2, Failures: 1, Errors: 1, Skipped: 0, Time elapsed: 1.67 sec <<< FAILURE!
test163GetContactList(list.MailListTest)  Time elapsed: 0.687 sec  <<< FAILURE!
org.junit.ComparisonFailure: expected:<....netease.com','FN':'[ç½‘æ˜“é‚®ä»¶ä¸­å¿ƒ','rev':1}]},{'code':'S_OK','var':[]},{'code':'S_OK','var':[{'id':'FRIENDS','name':'æœ‹å‹','reserved':true,'rev':0},{'id':'FAMILY','name':'äº²äºº','reserved':true,'rev':0},{'id':'COWORKERS','name':'åŒäº‹','reserved':true,'rev':0},{'id':'NETFRIENDS','name':'ç½‘å‹','reserved':true,'rev':0},{'id':'RECENT','name':'å¸¸ç”¨è”ç³»äº?],'reserved':true,'re...> but was:<....netease.com','FN':'[ÍøÒ×ÓÊ¼þÖÐÐÄ','rev':1}]},{'code':'S_OK','var':[]},{'code':'S_OK','var':[{'id':'FRIENDS','name':'ÅóÓÑ','reserved':true,'rev':0},{'id':'FAMILY','name':'Ç×ÈË','reserved':true,'rev':0},{'id':'COWORKERS','name':'Í¬ÊÂ','reserved':true,'rev':0},{'id':'NETFRIENDS','name':'ÍøÓÑ','reserved':true,'rev':0},{'id':'RECENT','name':'³£ÓÃÁªÏµÈË'],'reserved':true,'re...>
	at org.junit.Assert.assertEquals(Assert.java:123)
	at org.junit.Assert.assertEquals(Assert.java:145)
	at list.MailListTest.test163GetContactList(MailListTest.java:14)
	at sun.reflect.NativeMethodAccessorImpl.invoke0(Native Method)
	at sun.reflect.NativeMethodAccessorImpl.invoke(NativeMethodAccessorImpl.java:39)
	at sun.reflect.DelegatingMethodAccessorImpl.invoke(DelegatingMethodAccessorImpl.java:25)
	at java.lang.reflect.Method.invoke(Method.java:597)
	at org.junit.runners.model.FrameworkMethod$1.runReflectiveCall(FrameworkMethod.java:44)
	at org.junit.internal.runners.model.ReflectiveCallable.run(ReflectiveCallable.java:15)
	at org.junit.runners.model.FrameworkMethod.invokeExplosively(FrameworkMethod.java:41)
	at org.junit.internal.runners.statements.InvokeMethod.evaluate(InvokeMethod.java:20)
	at org.junit.runners.BlockJUnit4ClassRunner.runChild(BlockJUnit4ClassRunner.java:76)
	at org.junit.runners.BlockJUnit4ClassRunner.runChild(BlockJUnit4ClassRunner.java:50)
	at org.junit.runners.ParentRunner$3.run(ParentRunner.java:193)
	at org.junit.runners.ParentRunner$1.schedule(ParentRunner.java:52)
	at org.junit.runners.ParentRunner.runChildren(ParentRunner.java:191)
	at org.junit.runners.ParentRunner.access$000(ParentRunner.java:42)
	at org.junit.runners.ParentRunner$2.evaluate(ParentRunner.java:184)
	at org.junit.runners.ParentRunner.run(ParentRunner.java:236)
	at org.apache.maven.surefire.junit4.JUnit4TestSet.execute(JUnit4TestSet.java:62)
	at org.apache.maven.surefire.suite.AbstractDirectoryTestSuite.executeTestSet(AbstractDirectoryTestSuite.java:140)
	at org.apache.maven.surefire.suite.AbstractDirectoryTestSuite.execute(AbstractDirectoryTestSuite.java:127)
	at org.apache.maven.surefire.Surefire.run(Surefire.java:177)
	at sun.reflect.NativeMethodAccessorImpl.invoke0(Native Method)
	at sun.reflect.NativeMethodAccessorImpl.invoke(NativeMethodAccessorImpl.java:39)
	at sun.reflect.DelegatingMethodAccessorImpl.invoke(DelegatingMethodAccessorImpl.java:25)
	at java.lang.reflect.Method.invoke(Method.java:597)
	at org.apache.maven.surefire.booter.SurefireBooter.runSuitesInProcess(SurefireBooter.java:345)
	at org.apache.maven.surefire.booter.SurefireBooter.main(SurefireBooter.java:1009)

test163GetContactList2(list.MailListTest)  Time elapsed: 0.92 sec  <<< ERROR!
net.sf.json.JSONException: Expected a ',' or '}' at character 435 of {'code':'S_OK','var':[{'code':'S_OK','var':[{'id':'0','groups':[],'EMAIL;PREF':'mail@service.netease.com','FN':'ç½‘æ˜“é‚®ä»¶ä¸­å¿ƒ','rev':1}]},{'code':'S_OK','var':[]},{'code':'S_OK','var':[{'id':'FRIENDS','name':'æœ‹å‹','reserved':true,'rev':0},{'id':'FAMILY','name':'äº²äºº','reserved':true,'rev':0},{'id':'COWORKERS','name':'åŒäº‹','reserved':true,'rev':0},{'id':'NETFRIENDS','name':'ç½‘å‹','reserved':true,'rev':0},{'id':'RECENT','name':'å¸¸ç”¨è”ç³»äº?,'reserved':true,'rev':0}]}]}
	at net.sf.json.util.JSONTokener.syntaxError(JSONTokener.java:499)
	at net.sf.json.JSONObject._fromJSONTokener(JSONObject.java:1099)
	at net.sf.json.JSONObject.fromObject(JSONObject.java:159)
	at net.sf.json.util.JSONTokener.nextValue(JSONTokener.java:348)
	at net.sf.json.JSONArray._fromJSONTokener(JSONArray.java:1131)
	at net.sf.json.JSONArray.fromObject(JSONArray.java:125)
	at net.sf.json.util.JSONTokener.nextValue(JSONTokener.java:351)
	at net.sf.json.JSONObject._fromJSONTokener(JSONObject.java:1008)
	at net.sf.json.JSONObject.fromObject(JSONObject.java:159)
	at net.sf.json.util.JSONTokener.nextValue(JSONTokener.java:348)
	at net.sf.json.JSONArray._fromJSONTokener(JSONArray.java:1131)
	at net.sf.json.JSONArray.fromObject(JSONArray.java:125)
	at net.sf.json.util.JSONTokener.nextValue(JSONTokener.java:351)
	at net.sf.json.JSONObject._fromJSONTokener(JSONObject.java:1008)
	at net.sf.json.JSONObject._fromString(JSONObject.java:1201)
	at net.sf.json.JSONObject.fromObject(JSONObject.java:165)
	at net.sf.json.JSONObject.fromObject(JSONObject.java:134)
	at list.Mail163ContactList.getContactUser(Mail163ContactList.java:113)
	at list.MailListTest.test163GetContactList2(MailListTest.java:22)
	at sun.reflect.NativeMethodAccessorImpl.invoke0(Native Method)
	at sun.reflect.NativeMethodAccessorImpl.invoke(NativeMethodAccessorImpl.java:39)
	at sun.reflect.DelegatingMethodAccessorImpl.invoke(DelegatingMethodAccessorImpl.java:25)
	at java.lang.reflect.Method.invoke(Method.java:597)
	at org.junit.runners.model.FrameworkMethod$1.runReflectiveCall(FrameworkMethod.java:44)
	at org.junit.internal.runners.model.ReflectiveCallable.run(ReflectiveCallable.java:15)
	at org.junit.runners.model.FrameworkMethod.invokeExplosively(FrameworkMethod.java:41)
	at org.junit.internal.runners.statements.InvokeMethod.evaluate(InvokeMethod.java:20)
	at org.junit.runners.BlockJUnit4ClassRunner.runChild(BlockJUnit4ClassRunner.java:76)
	at org.junit.runners.BlockJUnit4ClassRunner.runChild(BlockJUnit4ClassRunner.java:50)
	at org.junit.runners.ParentRunner$3.run(ParentRunner.java:193)
	at org.junit.runners.ParentRunner$1.schedule(ParentRunner.java:52)
	at org.junit.runners.ParentRunner.runChildren(ParentRunner.java:191)
	at org.junit.runners.ParentRunner.access$000(ParentRunner.java:42)
	at org.junit.runners.ParentRunner$2.evaluate(ParentRunner.java:184)
	at org.junit.runners.ParentRunner.run(ParentRunner.java:236)
	at org.apache.maven.surefire.junit4.JUnit4TestSet.execute(JUnit4TestSet.java:62)
	at org.apache.maven.surefire.suite.AbstractDirectoryTestSuite.executeTestSet(AbstractDirectoryTestSuite.java:140)
	at org.apache.maven.surefire.suite.AbstractDirectoryTestSuite.execute(AbstractDirectoryTestSuite.java:127)
	at org.apache.maven.surefire.Surefire.run(Surefire.java:177)
	at sun.reflect.NativeMethodAccessorImpl.invoke0(Native Method)
	at sun.reflect.NativeMethodAccessorImpl.invoke(NativeMethodAccessorImpl.java:39)
	at sun.reflect.DelegatingMethodAccessorImpl.invoke(DelegatingMethodAccessorImpl.java:25)
	at java.lang.reflect.Method.invoke(Method.java:597)
	at org.apache.maven.surefire.booter.SurefireBooter.runSuitesInProcess(SurefireBooter.java:345)
	at org.apache.maven.surefire.booter.SurefireBooter.main(SurefireBooter.java:1009)

