<?xml version="1.0" encoding="UTF-8" ?>
<testsuite failures="1" time="1.654" errors="1" skipped="0" tests="2" name="list.MailListTest">
  <properties>
[...]
</properties>
  <testcase time="0.671" classname="list.MailListTest" name="test163GetContactList">
    <failure message="expected:&lt;....netease.com&apos;,&apos;FN&apos;:&apos;[缃戞槗閭欢涓績&apos;,&apos;rev&apos;:1}]},{&apos;code&apos;:&apos;S_OK&apos;,&apos;var&apos;:[]},{&apos;code&apos;:&apos;S_OK&apos;,&apos;var&apos;:[{&apos;id&apos;:&apos;FRIENDS&apos;,&apos;name&apos;:&apos;鏈嬪弸&apos;,&apos;reserved&apos;:true,&apos;rev&apos;:0},{&apos;id&apos;:&apos;FAMILY&apos;,&apos;name&apos;:&apos;浜蹭汉&apos;,&apos;reserved&apos;:true,&apos;rev&apos;:0},{&apos;id&apos;:&apos;COWORKERS&apos;,&apos;name&apos;:&apos;鍚屼簨&apos;,&apos;reserved&apos;:true,&apos;rev&apos;:0},{&apos;id&apos;:&apos;NETFRIENDS&apos;,&apos;name&apos;:&apos;缃戝弸&apos;,&apos;reserved&apos;:true,&apos;rev&apos;:0},{&apos;id&apos;:&apos;RECENT&apos;,&apos;name&apos;:&apos;甯哥敤鑱旂郴浜�],&apos;reserved&apos;:true,&apos;re...&gt; but was:&lt;....netease.com&apos;,&apos;FN&apos;:&apos;[网易邮件中心&apos;,&apos;rev&apos;:1}]},{&apos;code&apos;:&apos;S_OK&apos;,&apos;var&apos;:[]},{&apos;code&apos;:&apos;S_OK&apos;,&apos;var&apos;:[{&apos;id&apos;:&apos;FRIENDS&apos;,&apos;name&apos;:&apos;朋友&apos;,&apos;reserved&apos;:true,&apos;rev&apos;:0},{&apos;id&apos;:&apos;FAMILY&apos;,&apos;name&apos;:&apos;亲人&apos;,&apos;reserved&apos;:true,&apos;rev&apos;:0},{&apos;id&apos;:&apos;COWORKERS&apos;,&apos;name&apos;:&apos;同事&apos;,&apos;reserved&apos;:true,&apos;rev&apos;:0},{&apos;id&apos;:&apos;NETFRIENDS&apos;,&apos;name&apos;:&apos;网友&apos;,&apos;reserved&apos;:true,&apos;rev&apos;:0},{&apos;id&apos;:&apos;RECENT&apos;,&apos;name&apos;:&apos;常用联系人&apos;],&apos;reserved&apos;:true,&apos;re...&gt;" type="org.junit.ComparisonFailure">org.junit.ComparisonFailure: expected:&lt;....netease.com&apos;,&apos;FN&apos;:&apos;[缃戞槗閭欢涓績&apos;,&apos;rev&apos;:1}]},{&apos;code&apos;:&apos;S_OK&apos;,&apos;var&apos;:[]},{&apos;code&apos;:&apos;S_OK&apos;,&apos;var&apos;:[{&apos;id&apos;:&apos;FRIENDS&apos;,&apos;name&apos;:&apos;鏈嬪弸&apos;,&apos;reserved&apos;:true,&apos;rev&apos;:0},{&apos;id&apos;:&apos;FAMILY&apos;,&apos;name&apos;:&apos;浜蹭汉&apos;,&apos;reserved&apos;:true,&apos;rev&apos;:0},{&apos;id&apos;:&apos;COWORKERS&apos;,&apos;name&apos;:&apos;鍚屼簨&apos;,&apos;reserved&apos;:true,&apos;rev&apos;:0},{&apos;id&apos;:&apos;NETFRIENDS&apos;,&apos;name&apos;:&apos;缃戝弸&apos;,&apos;reserved&apos;:true,&apos;rev&apos;:0},{&apos;id&apos;:&apos;RECENT&apos;,&apos;name&apos;:&apos;甯哥敤鑱旂郴浜�],&apos;reserved&apos;:true,&apos;re...&gt; but was:&lt;....netease.com&apos;,&apos;FN&apos;:&apos;[网易邮件中心&apos;,&apos;rev&apos;:1}]},{&apos;code&apos;:&apos;S_OK&apos;,&apos;var&apos;:[]},{&apos;code&apos;:&apos;S_OK&apos;,&apos;var&apos;:[{&apos;id&apos;:&apos;FRIENDS&apos;,&apos;name&apos;:&apos;朋友&apos;,&apos;reserved&apos;:true,&apos;rev&apos;:0},{&apos;id&apos;:&apos;FAMILY&apos;,&apos;name&apos;:&apos;亲人&apos;,&apos;reserved&apos;:true,&apos;rev&apos;:0},{&apos;id&apos;:&apos;COWORKERS&apos;,&apos;name&apos;:&apos;同事&apos;,&apos;reserved&apos;:true,&apos;rev&apos;:0},{&apos;id&apos;:&apos;NETFRIENDS&apos;,&apos;name&apos;:&apos;网友&apos;,&apos;reserved&apos;:true,&apos;rev&apos;:0},{&apos;id&apos;:&apos;RECENT&apos;,&apos;name&apos;:&apos;常用联系人&apos;],&apos;reserved&apos;:true,&apos;re...&gt;
	at org.junit.Assert.assertEquals(Assert.java:123)
	at org.junit.Assert.assertEquals(Assert.java:145)
	at list.MailListTest.test163GetContactList(MailListTest.java:14)
	at sun.reflect.NativeMethodAccessorImpl.invoke0(Native Method)
	at sun.reflect.NativeMethodAccessorImpl.invoke(NativeMethodAccessorImpl.java:39)
	at sun.reflect.DelegatingMethodAccessorImpl.invoke(DelegatingMethodAccessorImpl.java:25)
	at java.lang.reflect.Method.invoke(Method.java:597)
	at org.junit.runners.model.FrameworkMethod$1.runReflectiveCall(FrameworkMethod.java:44)
	at org.junit.internal.runners.model.ReflectiveCallable.run(ReflectiveCallable.java:15)
	at org.junit.runners.model.FrameworkMethod.invokeExplosively(FrameworkMethod.java:41)
	at org.junit.internal.runners.statements.InvokeMethod.evaluate(InvokeMethod.java:20)
	at org.junit.runners.BlockJUnit4ClassRunner.runChild(BlockJUnit4ClassRunner.java:76)
	at org.junit.runners.BlockJUnit4ClassRunner.runChild(BlockJUnit4ClassRunner.java:50)
	at org.junit.runners.ParentRunner$3.run(ParentRunner.java:193)
	at org.junit.runners.ParentRunner$1.schedule(ParentRunner.java:52)
	at org.junit.runners.ParentRunner.runChildren(ParentRunner.java:191)
	at org.junit.runners.ParentRunner.access$000(ParentRunner.java:42)
	at org.junit.runners.ParentRunner$2.evaluate(ParentRunner.java:184)
	at org.junit.runners.ParentRunner.run(ParentRunner.java:236)
	at org.apache.maven.surefire.junit4.JUnit4TestSet.execute(JUnit4TestSet.java:62)
	at org.apache.maven.surefire.suite.AbstractDirectoryTestSuite.executeTestSet(AbstractDirectoryTestSuite.java:140)
	at org.apache.maven.surefire.suite.AbstractDirectoryTestSuite.execute(AbstractDirectoryTestSuite.java:127)
	at org.apache.maven.surefire.Surefire.run(Surefire.java:177)
	at sun.reflect.NativeMethodAccessorImpl.invoke0(Native Method)
	at sun.reflect.NativeMethodAccessorImpl.invoke(NativeMethodAccessorImpl.java:39)
	at sun.reflect.DelegatingMethodAccessorImpl.invoke(DelegatingMethodAccessorImpl.java:25)
	at java.lang.reflect.Method.invoke(Method.java:597)
	at org.apache.maven.surefire.booter.SurefireBooter.runSuitesInProcess(SurefireBooter.java:345)
	at org.apache.maven.surefire.booter.SurefireBooter.main(SurefireBooter.java:1009)
</failure>
  </testcase>
  <testcase time="0.889" classname="list.MailListTest" name="test163GetContactList2">
    <error message="Expected a &apos;,&apos; or &apos;}&apos; at character 435 of {&apos;code&apos;:&apos;S_OK&apos;,&apos;var&apos;:[{&apos;code&apos;:&apos;S_OK&apos;,&apos;var&apos;:[{&apos;id&apos;:&apos;0&apos;,&apos;groups&apos;:[],&apos;EMAIL;PREF&apos;:&apos;mail@service.netease.com&apos;,&apos;FN&apos;:&apos;缃戞槗閭欢涓績&apos;,&apos;rev&apos;:1}]},{&apos;code&apos;:&apos;S_OK&apos;,&apos;var&apos;:[]},{&apos;code&apos;:&apos;S_OK&apos;,&apos;var&apos;:[{&apos;id&apos;:&apos;FRIENDS&apos;,&apos;name&apos;:&apos;鏈嬪弸&apos;,&apos;reserved&apos;:true,&apos;rev&apos;:0},{&apos;id&apos;:&apos;FAMILY&apos;,&apos;name&apos;:&apos;浜蹭汉&apos;,&apos;reserved&apos;:true,&apos;rev&apos;:0},{&apos;id&apos;:&apos;COWORKERS&apos;,&apos;name&apos;:&apos;鍚屼簨&apos;,&apos;reserved&apos;:true,&apos;rev&apos;:0},{&apos;id&apos;:&apos;NETFRIENDS&apos;,&apos;name&apos;:&apos;缃戝弸&apos;,&apos;reserved&apos;:true,&apos;rev&apos;:0},{&apos;id&apos;:&apos;RECENT&apos;,&apos;name&apos;:&apos;甯哥敤鑱旂郴浜�,&apos;reserved&apos;:true,&apos;rev&apos;:0}]}]}" type="net.sf.json.JSONException">net.sf.json.JSONException: Expected a &apos;,&apos; or &apos;}&apos; at character 435 of {&apos;code&apos;:&apos;S_OK&apos;,&apos;var&apos;:[{&apos;code&apos;:&apos;S_OK&apos;,&apos;var&apos;:[{&apos;id&apos;:&apos;0&apos;,&apos;groups&apos;:[],&apos;EMAIL;PREF&apos;:&apos;mail@service.netease.com&apos;,&apos;FN&apos;:&apos;缃戞槗閭欢涓績&apos;,&apos;rev&apos;:1}]},{&apos;code&apos;:&apos;S_OK&apos;,&apos;var&apos;:[]},{&apos;code&apos;:&apos;S_OK&apos;,&apos;var&apos;:[{&apos;id&apos;:&apos;FRIENDS&apos;,&apos;name&apos;:&apos;鏈嬪弸&apos;,&apos;reserved&apos;:true,&apos;rev&apos;:0},{&apos;id&apos;:&apos;FAMILY&apos;,&apos;name&apos;:&apos;浜蹭汉&apos;,&apos;reserved&apos;:true,&apos;rev&apos;:0},{&apos;id&apos;:&apos;COWORKERS&apos;,&apos;name&apos;:&apos;鍚屼簨&apos;,&apos;reserved&apos;:true,&apos;rev&apos;:0},{&apos;id&apos;:&apos;NETFRIENDS&apos;,&apos;name&apos;:&apos;缃戝弸&apos;,&apos;reserved&apos;:true,&apos;rev&apos;:0},{&apos;id&apos;:&apos;RECENT&apos;,&apos;name&apos;:&apos;甯哥敤鑱旂郴浜�,&apos;reserved&apos;:true,&apos;rev&apos;:0}]}]}
	at net.sf.json.util.JSONTokener.syntaxError(JSONTokener.java:499)
	at net.sf.json.JSONObject._fromJSONTokener(JSONObject.java:1099)
	at net.sf.json.JSONObject.fromObject(JSONObject.java:159)
	at net.sf.json.util.JSONTokener.nextValue(JSONTokener.java:348)
	at net.sf.json.JSONArray._fromJSONTokener(JSONArray.java:1131)
	at net.sf.json.JSONArray.fromObject(JSONArray.java:125)
	at net.sf.json.util.JSONTokener.nextValue(JSONTokener.java:351)
	at net.sf.json.JSONObject._fromJSONTokener(JSONObject.java:1008)
	at net.sf.json.JSONObject.fromObject(JSONObject.java:159)
	at net.sf.json.util.JSONTokener.nextValue(JSONTokener.java:348)
	at net.sf.json.JSONArray._fromJSONTokener(JSONArray.java:1131)
	at net.sf.json.JSONArray.fromObject(JSONArray.java:125)
	at net.sf.json.util.JSONTokener.nextValue(JSONTokener.java:351)
	at net.sf.json.JSONObject._fromJSONTokener(JSONObject.java:1008)
	at net.sf.json.JSONObject._fromString(JSONObject.java:1201)
	at net.sf.json.JSONObject.fromObject(JSONObject.java:165)
	at net.sf.json.JSONObject.fromObject(JSONObject.java:134)
	at list.Mail163ContactList.getContactUser(Mail163ContactList.java:113)
	at list.MailListTest.test163GetContactList2(MailListTest.java:22)
	at sun.reflect.NativeMethodAccessorImpl.invoke0(Native Method)
	at sun.reflect.NativeMethodAccessorImpl.invoke(NativeMethodAccessorImpl.java:39)
	at sun.reflect.DelegatingMethodAccessorImpl.invoke(DelegatingMethodAccessorImpl.java:25)
	at java.lang.reflect.Method.invoke(Method.java:597)
	at org.junit.runners.model.FrameworkMethod$1.runReflectiveCall(FrameworkMethod.java:44)
	at org.junit.internal.runners.model.ReflectiveCallable.run(ReflectiveCallable.java:15)
	at org.junit.runners.model.FrameworkMethod.invokeExplosively(FrameworkMethod.java:41)
	at org.junit.internal.runners.statements.InvokeMethod.evaluate(InvokeMethod.java:20)
	at org.junit.runners.BlockJUnit4ClassRunner.runChild(BlockJUnit4ClassRunner.java:76)
	at org.junit.runners.BlockJUnit4ClassRunner.runChild(BlockJUnit4ClassRunner.java:50)
	at org.junit.runners.ParentRunner$3.run(ParentRunner.java:193)
	at org.junit.runners.ParentRunner$1.schedule(ParentRunner.java:52)
	at org.junit.runners.ParentRunner.runChildren(ParentRunner.java:191)
	at org.junit.runners.ParentRunner.access$000(ParentRunner.java:42)
	at org.junit.runners.ParentRunner$2.evaluate(ParentRunner.java:184)
	at org.junit.runners.ParentRunner.run(ParentRunner.java:236)
	at org.apache.maven.surefire.junit4.JUnit4TestSet.execute(JUnit4TestSet.java:62)
	at org.apache.maven.surefire.suite.AbstractDirectoryTestSuite.executeTestSet(AbstractDirectoryTestSuite.java:140)
	at org.apache.maven.surefire.suite.AbstractDirectoryTestSuite.execute(AbstractDirectoryTestSuite.java:127)
	at org.apache.maven.surefire.Surefire.run(Surefire.java:177)
	at sun.reflect.NativeMethodAccessorImpl.invoke0(Native Method)
	at sun.reflect.NativeMethodAccessorImpl.invoke(NativeMethodAccessorImpl.java:39)
	at sun.reflect.DelegatingMethodAccessorImpl.invoke(DelegatingMethodAccessorImpl.java:25)
	at java.lang.reflect.Method.invoke(Method.java:597)
	at org.apache.maven.surefire.booter.SurefireBooter.runSuitesInProcess(SurefireBooter.java:345)
	at org.apache.maven.surefire.booter.SurefireBooter.main(SurefireBooter.java:1009)
</error>
  </testcase>
</testsuite>